[20-Jul-2020 11:34:20 UTC] PHP Warning:  project_dir (222) is not exist in /home/zhanglei/data/www/device-center-framework/Pendant/FrameworkEnv.php on line 34
[20-Jul-2020 11:42:43 UTC] PHP Warning:  include_once(/config.php): failed to open stream: No such file or directory in /home/zhanglei/data/www/device-center-framework/Pendant/SysConfig.php on line 36
[20-Jul-2020 11:42:43 UTC] PHP Warning:  include_once(): Failed opening '/config.php' for inclusion (include_path='.:') in /home/zhanglei/data/www/device-center-framework/Pendant/SysConfig.php on line 36
[20-Jul-2020 11:43:39 UTC] PHP Warning:  include_once(/config.php): failed to open stream: No such file or directory in /home/zhanglei/data/www/device-center-framework/Pendant/SysConfig.php on line 36
[20-Jul-2020 11:43:39 UTC] PHP Warning:  include_once(): Failed opening '/config.php' for inclusion (include_path='.:') in /home/zhanglei/data/www/device-center-framework/Pendant/SysConfig.php on line 36
[20-Jul-2020 11:46:47 UTC] PHP Notice:  Undefined variable: project_dir in /home/zhanglei/data/www/device-center-framework/Pendant/FrameworkEnv.php on line 20
[20-Jul-2020 11:46:47 UTC] PHP Fatal error:  project_dir () is not exist in /home/zhanglei/data/www/device-center-framework/Pendant/FrameworkEnv.php on line 20
[20-Jul-2020 11:47:04 UTC] PHP Fatal error:  project_dir  is not INIT in /home/zhanglei/data/www/device-center-framework/Pendant/FrameworkEnv.php on line 20
[20-Jul-2020 11:47:14 UTC] PHP Fatal error:  project_dir  is not INIT in /home/zhanglei/data/www/device-center-framework/Pendant/FrameworkEnv.php on line 20
[20-Jul-2020 11:50:38 UTC] PHP Fatal error:  project_dir  is not INIT ; stack:(FrameworkEnv::init) in /home/zhanglei/data/www/device-center-framework/Pendant/FrameworkEnv.php on line 20
[20-Jul-2020 11:50:39 UTC] PHP Fatal error:  project_dir  is not INIT ; stack:(FrameworkEnv::init) in /home/zhanglei/data/www/device-center-framework/Pendant/FrameworkEnv.php on line 20
[20-Jul-2020 11:50:40 UTC] PHP Fatal error:  project_dir  is not INIT ; stack:(FrameworkEnv::init) in /home/zhanglei/data/www/device-center-framework/Pendant/FrameworkEnv.php on line 20
[20-Jul-2020 11:50:41 UTC] PHP Fatal error:  project_dir  is not INIT ; stack:(FrameworkEnv::init) in /home/zhanglei/data/www/device-center-framework/Pendant/FrameworkEnv.php on line 20
[20-Jul-2020 11:50:45 UTC] PHP Fatal error:  project_dir  is not INIT ; stack:(FrameworkEnv::init) in /home/zhanglei/data/www/device-center-framework/Pendant/FrameworkEnv.php on line 20
[20-Jul-2020 11:56:56 UTC] PHP Fatal error:  project_dir () is not exist;stack:(SysConfig::getSysConfig) in /home/zhanglei/data/www/device-center-framework/Pendant/SysConfig.php on line 40
[20-Jul-2020 12:10:09 UTC] PHP Fatal error:  Uncaught ArgumentCountError: Too few arguments to function Pendant\FrameworkEnv::parseCmd(), 0 passed in /home/zhanglei/data/www/device-center-framework/Pendant/SwooleSysSocket.php on line 122 and exactly 1 expected in /home/zhanglei/data/www/device-center-framework/Pendant/FrameworkEnv.php:76
Stack trace:
#0 /home/zhanglei/data/www/device-center-framework/Pendant/SwooleSysSocket.php(122): Pendant\FrameworkEnv::parseCmd()
#1 /home/zhanglei/data/www/device-center/run.php(85): Pendant\SwooleSysSocket->run()
#2 {main}
  thrown in /home/zhanglei/data/www/device-center-framework/Pendant/FrameworkEnv.php on line 76
[20-Jul-2020 12:19:53 UTC] PHP Notice:  Trying to access array offset on value of type null in /home/zhanglei/data/www/device-center-framework/Pendant/SwooleSysSocket.php on line 131
[20-Jul-2020 12:19:53 UTC] PHP Notice:  Trying to access array offset on value of type null in /home/zhanglei/data/www/device-center-framework/Pendant/SwooleSysSocket.php on line 131
[20-Jul-2020 12:19:53 UTC] PHP Notice:  Trying to access array offset on value of type null in /home/zhanglei/data/www/device-center-framework/Pendant/SwooleSysSocket.php on line 132
[20-Jul-2020 12:19:53 UTC] PHP Notice:  Trying to access array offset on value of type null in /home/zhanglei/data/www/device-center-framework/Pendant/SwooleSysSocket.php on line 132
[20-Jul-2020 12:19:53 UTC] PHP Fatal error:  Uncaught Error: Class name must be a valid object or a string in /home/zhanglei/data/www/device-center-framework/Pendant/SysFactory.php:70
Stack trace:
#0 /home/zhanglei/data/www/device-center-framework/Pendant/SwooleSysSocket.php(132): Pendant\SysFactory->regServerController(NULL, NULL)
#1 /home/zhanglei/data/www/device-center/run.php(85): Pendant\SwooleSysSocket->run()
#2 {main}
  thrown in /home/zhanglei/data/www/device-center-framework/Pendant/SysFactory.php on line 70
[20-Jul-2020 12:21:04 UTC] PHP Notice:  Trying to access array offset on value of type null in /home/zhanglei/data/www/device-center-framework/Pendant/SwooleSysSocket.php on line 131
[20-Jul-2020 12:21:04 UTC] PHP Notice:  Trying to access array offset on value of type null in /home/zhanglei/data/www/device-center-framework/Pendant/SwooleSysSocket.php on line 131
[20-Jul-2020 12:21:04 UTC] PHP Notice:  Trying to access array offset on value of type null in /home/zhanglei/data/www/device-center-framework/Pendant/SwooleSysSocket.php on line 132
[20-Jul-2020 12:21:04 UTC] PHP Notice:  Trying to access array offset on value of type null in /home/zhanglei/data/www/device-center-framework/Pendant/SwooleSysSocket.php on line 132
[20-Jul-2020 12:21:04 UTC] PHP Fatal error:  Uncaught Error: Class name must be a valid object or a string in /home/zhanglei/data/www/device-center-framework/Pendant/SysFactory.php:70
Stack trace:
#0 /home/zhanglei/data/www/device-center-framework/Pendant/SwooleSysSocket.php(132): Pendant\SysFactory->regServerController(NULL, NULL)
#1 /home/zhanglei/data/www/device-center/run.php(85): Pendant\SwooleSysSocket->run()
#2 {main}
  thrown in /home/zhanglei/data/www/device-center-framework/Pendant/SysFactory.php on line 70
[20-Jul-2020 12:21:23 UTC] PHP Notice:  Trying to access array offset on value of type null in /home/zhanglei/data/www/device-center-framework/Pendant/SwooleSysSocket.php on line 131
[20-Jul-2020 12:21:23 UTC] PHP Notice:  Trying to access array offset on value of type null in /home/zhanglei/data/www/device-center-framework/Pendant/SwooleSysSocket.php on line 131
[20-Jul-2020 12:21:23 UTC] PHP Notice:  Trying to access array offset on value of type null in /home/zhanglei/data/www/device-center-framework/Pendant/SwooleSysSocket.php on line 132
[20-Jul-2020 12:21:23 UTC] PHP Notice:  Trying to access array offset on value of type null in /home/zhanglei/data/www/device-center-framework/Pendant/SwooleSysSocket.php on line 132
[20-Jul-2020 12:21:23 UTC] PHP Fatal error:  Uncaught Error: Class name must be a valid object or a string in /home/zhanglei/data/www/device-center-framework/Pendant/SysFactory.php:70
Stack trace:
#0 /home/zhanglei/data/www/device-center-framework/Pendant/SwooleSysSocket.php(132): Pendant\SysFactory->regServerController(NULL, NULL)
#1 /home/zhanglei/data/www/device-center/run.php(85): Pendant\SwooleSysSocket->run()
#2 {main}
  thrown in /home/zhanglei/data/www/device-center-framework/Pendant/SysFactory.php on line 70
[20-Jul-2020 12:23:22 UTC] PHP Notice:  Trying to access array offset on value of type null in /home/zhanglei/data/www/device-center-framework/Pendant/SwooleSysSocket.php on line 131
[20-Jul-2020 12:23:22 UTC] PHP Notice:  Trying to access array offset on value of type null in /home/zhanglei/data/www/device-center-framework/Pendant/SwooleSysSocket.php on line 131
[20-Jul-2020 12:23:22 UTC] PHP Notice:  Trying to access array offset on value of type null in /home/zhanglei/data/www/device-center-framework/Pendant/SwooleSysSocket.php on line 132
[20-Jul-2020 12:23:22 UTC] PHP Notice:  Trying to access array offset on value of type null in /home/zhanglei/data/www/device-center-framework/Pendant/SwooleSysSocket.php on line 132
[20-Jul-2020 12:23:22 UTC] PHP Fatal error:  Uncaught Error: Class name must be a valid object or a string in /home/zhanglei/data/www/device-center-framework/Pendant/SysFactory.php:70
Stack trace:
#0 /home/zhanglei/data/www/device-center-framework/Pendant/SwooleSysSocket.php(132): Pendant\SysFactory->regServerController(NULL, NULL)
#1 /home/zhanglei/data/www/device-center/run.php(85): Pendant\SwooleSysSocket->run()
#2 {main}
  thrown in /home/zhanglei/data/www/device-center-framework/Pendant/SysFactory.php on line 70
[20-Jul-2020 12:26:00 UTC] PHP Fatal error:  pid config is not exist ; stack:(FrameworkEnv::getPid) in /home/zhanglei/data/www/device-center-framework/Pendant/FrameworkEnv.php on line 70
[20-Jul-2020 12:30:22 UTC] PHP Fatal error:  config (server) is not exist;stack:(SwooleSysSocket::run) in /home/zhanglei/data/www/device-center-framework/Pendant/SwooleSysSocket.php on line 130
[20-Jul-2020 12:30:42 UTC] PHP Fatal error:  Uncaught Exception: config (server) is not exist;stack:(SwooleSysSocket::run) in /home/zhanglei/data/www/device-center-framework/Pendant/SwooleSysSocket.php:130
Stack trace:
#0 /home/zhanglei/data/www/device-center/run.php(85): Pendant\SwooleSysSocket->run()
#1 {main}
  thrown in /home/zhanglei/data/www/device-center-framework/Pendant/SwooleSysSocket.php on line 130
[20-Jul-2020 12:38:09 UTC] PHP Fatal error:  Uncaught Error: Call to a member function getSysConfig() on array in /home/zhanglei/data/www/device-center-framework/Pendant/SwooleSysSocket.php:187
Stack trace:
#0 /home/zhanglei/data/www/device-center/run.php(85): Pendant\SwooleSysSocket->run()
#1 {main}
  thrown in /home/zhanglei/data/www/device-center-framework/Pendant/SwooleSysSocket.php on line 187
[20-Jul-2020 12:38:29 UTC] PHP Notice:  Undefined index: task_worker_num in /home/zhanglei/data/www/device-center-framework/Pendant/SwooleSysSocket.php on line 187
